<?xml version="1.0" encoding="UTF-8"?>
<!-- Generated by org.testng.reporters.JUnitReportReporter -->
<testsuite hostname="DESKTOP-EQ55Q8H" failures="0" tests="4" name="org.karthikkumar.Browserlaunch" time="126.205" errors="0" timestamp="28 Mar 2023 09:56:13 GMT" skipped="0">
  <testcase classname="org.karthikkumar.Browserlaunch" name="test1" time="21.993"/>
  <testcase classname="org.karthikkumar.Browserlaunch" name="test4" time="66.554"/>
  <testcase classname="org.karthikkumar.Browserlaunch" name="test3" time="21.270"/>
  <testcase classname="org.karthikkumar.Browserlaunch" name="test2" time="16.388"/>
</testsuite> <!-- org.karthikkumar.Browserlaunch -->
