<?xml version="1.0" encoding="UTF-8"?>
<!-- Generated by org.testng.reporters.JUnitReportReporter -->
<testsuite hostname="DESKTOP-EQ55Q8H" failures="0" tests="10" name="org.karthikkumar.Day2" time="161.295" errors="0" timestamp="28 Mar 2023 12:14:08 GMT" skipped="0">
  <testcase classname="org.karthikkumar.Day2" name="test5" time="6.182"/>
  <testcase classname="org.karthikkumar.Day2" name="test6" time="15.232"/>
  <testcase classname="org.karthikkumar.Day2" name="test2" time="18.202"/>
  <testcase classname="org.karthikkumar.Day2" name="test3" time="9.267"/>
  <testcase classname="org.karthikkumar.Day2" name="test7" time="5.999"/>
  <testcase classname="org.karthikkumar.Day2" name="test8" time="25.052"/>
  <testcase classname="org.karthikkumar.Day2" name="test4" time="36.528"/>
  <testcase classname="org.karthikkumar.Day2" name="test1" time="7.568"/>
  <testcase classname="org.karthikkumar.Day2" name="test10" time="9.172"/>
  <testcase classname="org.karthikkumar.Day2" name="test9" time="28.093"/>
</testsuite> <!-- org.karthikkumar.Day2 -->
